<?xml version="1.0" encoding="UTF-8"?>
<testsuite xmlns:xsi="http://www.w3.org/2001/XMLSchema-instance" xsi:noNamespaceSchemaLocation="https://maven.apache.org/surefire/maven-surefire-plugin/xsd/surefire-test-report.xsd" version="3.0.2" name="com.example.calculator.CalculatorApplicationTests" time="2.885" tests="1" errors="0" skipped="0" failures="0">
  <properties>
[...]
</properties>
  <testcase name="contextLoads" classname="com.example.calculator.CalculatorApplicationTests" time="0.822">
    <system-out><![CDATA[13:24:27.931 [main] INFO org.springframework.test.context.support.AnnotationConfigContextLoaderUtils -- Could not detect default configuration classes for test class [com.example.calculator.CalculatorApplicationTests]: CalculatorApplicationTests does not declare any static, non-private, non-final, nested classes annotated with @Configuration.
13:24:28.064 [main] INFO org.springframework.boot.test.context.SpringBootTestContextBootstrapper -- Found @SpringBootConfiguration com.example.calculator.CalculatorApplication for test class com.example.calculator.CalculatorApplicationTests

  .   ____          _            __ _ _
 /\\ / ___'_ __ _ _(_)_ __  __ _ \ \ \ \
( ( )\___ | '_ | '_| | '_ \/ _` | \ \ \ \
 \\/  ___)| |_)| | | | | || (_| |  ) ) ) )
  '  |____| .__|_| |_|_| |_\__, | / / / /
 =========|_|==============|___/=/_/_/_/

 :: Spring Boot ::                (v3.4.4)

2025-04-25T13:24:28.500+05:30  INFO 659533 --- [calculator] [           main] c.e.c.CalculatorApplicationTests         : Starting CalculatorApplicationTests using Java 17.0.14 with PID 659533 (started by root in /root/KUBERNETES/java-calucalater/Calculator/calculator)
2025-04-25T13:24:28.502+05:30  INFO 659533 --- [calculator] [           main] c.e.c.CalculatorApplicationTests         : No active profile set, falling back to 1 default profile: "default"
2025-04-25T13:24:29.506+05:30  INFO 659533 --- [calculator] [           main] o.s.b.a.w.s.WelcomePageHandlerMapping    : Adding welcome page: class path resource [static/index.html]
2025-04-25T13:24:29.798+05:30  INFO 659533 --- [calculator] [           main] c.e.c.CalculatorApplicationTests         : Started CalculatorApplicationTests in 1.592 seconds (process running for 2.6)
]]></system-out>
  </testcase>
</testsuite>